============================= test session starts =============================
platform win32 -- Python 3.14.2, pytest-9.0.2, pluggy-1.6.0 -- C:\Python314\python.exe
cachedir: .pytest_cache
rootdir: C:\Users\Nikita\Documents\Тестировка\lab1
collecting ... collected 19 items

tests/test_bva.py::TestGraphUtilsBVA::test_bva_zero_nodes FAILED         [  5%]
tests/test_bva.py::TestGraphUtilsBVA::test_bva_one_node_zero_edges PASSED [ 10%]
tests/test_bva.py::TestGraphUtilsBVA::test_bva_two_nodes_one_edge PASSED [ 15%]
tests/test_bva.py::TestGraphUtilsBVA::test_bva_triangle_min_circuit PASSED [ 21%]
tests/test_bva.py::TestGraphUtilsBVA::test_bva_boundary_odd_vertices_4 PASSED [ 26%]
tests/test_bva.py::TestAlgorithmsBVA::test_bva_min_path_1_edge[hierholzer] PASSED [ 31%]
tests/test_bva.py::TestAlgorithmsBVA::test_bva_min_path_1_edge[fleury] PASSED [ 36%]
tests/test_bva.py::TestAlgorithmsBVA::test_bva_min_circuit_triangle[hierholzer] PASSED [ 42%]
tests/test_bva.py::TestAlgorithmsBVA::test_bva_min_circuit_triangle[fleury] PASSED [ 47%]
tests/test_bva.py::TestAlgorithmsBVA::test_bva_disconnected_with_edges[hierholzer] PASSED [ 52%]
tests/test_bva.py::TestAlgorithmsBVA::test_bva_disconnected_with_edges[fleury] PASSED [ 57%]
tests/test_bva.py::TestIOHandlerBVA::test_bva_load_empty_json_object PASSED [ 63%]
tests/test_bva.py::TestIOHandlerBVA::test_bva_load_empty_lists PASSED    [ 68%]
tests/test_bva.py::TestIOHandlerBVA::test_bva_load_single_vertex_no_edges PASSED [ 73%]
tests/test_bva.py::TestIOHandlerBVA::test_bva_save_single_node_path PASSED [ 78%]
tests/test_bva.py::TestIOHandlerBVA::test_bva_save_empty_algo_name PASSED [ 84%]
tests/test_bva.py::TestConsoleInputBVA::test_bva_zero_vertices PASSED    [ 89%]
tests/test_bva.py::TestConsoleInputBVA::test_bva_one_vertex_zero_edges PASSED [ 94%]
tests/test_bva.py::TestConsoleInputBVA::test_bva_min_valid_edge_input PASSED [100%]

================================== FAILURES ===================================
____________________ TestGraphUtilsBVA.test_bva_zero_nodes ____________________

self = <tests.test_bva.TestGraphUtilsBVA object at 0x00000187B1C7EC10>

    def test_bva_zero_nodes(self):
        """Boundary: 0 nodes -> No Euler path."""
        g = nx.Graph()
        assert has_euler_path(g) is False
        assert has_euler_circuit(g) is False
        with pytest.raises(ValueError, match="no Euler path"):
>           get_euler_start_vertex(g)

tests\test_bva.py:31: 
_ _ _ _ _ _ _ _ _ _ _ _ _ _ _ _ _ _ _ _ _ _ _ _ _ _ _ _ _ _ _ _ _ _ _ _ _ _ _ _

graph = <networkx.classes.graph.Graph object at 0x00000187B1C11010>

    def get_euler_start_vertex(graph: nx.Graph) -> int:
        """Return the starting vertex for Euler path traversal.
    
        - If 2 odd-degree vertices exist, return one of them.
        - If 0 odd-degree vertices exist (circuit), return any vertex with edges.
        - Raises ValueError if no Euler path exists.
        """
        if not has_euler_path(graph):
>           raise ValueError("Graph does not have an Euler path")
E           ValueError: Graph does not have an Euler path

src\graph_utils.py:51: ValueError

During handling of the above exception, another exception occurred:

self = <tests.test_bva.TestGraphUtilsBVA object at 0x00000187B1C7EC10>

    def test_bva_zero_nodes(self):
        """Boundary: 0 nodes -> No Euler path."""
        g = nx.Graph()
        assert has_euler_path(g) is False
        assert has_euler_circuit(g) is False
>       with pytest.raises(ValueError, match="no Euler path"):
             ^^^^^^^^^^^^^^^^^^^^^^^^^^^^^^^^^^^^^^^^^^^^^^^^
E       AssertionError: Regex pattern did not match.
E         Expected regex: 'no Euler path'
E         Actual message: 'Graph does not have an Euler path'

tests\test_bva.py:30: AssertionError
=========================== short test summary info ===========================
FAILED tests/test_bva.py::TestGraphUtilsBVA::test_bva_zero_nodes - AssertionE...
======================== 1 failed, 18 passed in 1.00s =========================
