============================= test session starts =============================
platform win32 -- Python 3.14.2, pytest-9.0.2, pluggy-1.6.0 -- C:\Python314\python.exe
cachedir: .pytest_cache
rootdir: C:\Users\Nikita\Documents\Тестировка\lab1
collecting ... collected 27 items

tests/test_fleury.py::TestFleury::test_triangle_circuit PASSED           [  3%]
tests/test_fleury.py::TestFleury::test_linear_path PASSED                [  7%]
tests/test_fleury.py::TestFleury::test_complex_graph_with_euler_path PASSED [ 11%]
tests/test_fleury.py::TestFleury::test_square_circuit PASSED             [ 14%]
tests/test_fleury.py::TestFleury::test_raises_on_no_euler_path PASSED    [ 18%]
tests/test_fleury.py::TestFleury::test_single_edge PASSED                [ 22%]
tests/test_fleury.py::TestFleury::test_does_not_mutate_input_graph PASSED [ 25%]
tests/test_graph_utils.py::TestHasEulerPath::test_triangle_has_euler_path PASSED [ 29%]
tests/test_graph_utils.py::TestHasEulerPath::test_two_odd_vertices_has_euler_path PASSED [ 33%]
tests/test_graph_utils.py::TestHasEulerPath::test_four_odd_vertices_no_euler_path PASSED [ 37%]
tests/test_graph_utils.py::TestHasEulerPath::test_empty_graph_no_euler_path PASSED [ 40%]
tests/test_graph_utils.py::TestHasEulerPath::test_single_vertex_no_edges PASSED [ 44%]
tests/test_graph_utils.py::TestHasEulerPath::test_disconnected_graph_no_euler_path PASSED [ 48%]
tests/test_graph_utils.py::TestHasEulerPath::test_single_edge PASSED     [ 51%]
tests/test_graph_utils.py::TestHasEulerCircuit::test_triangle_has_euler_circuit PASSED [ 55%]
tests/test_graph_utils.py::TestHasEulerCircuit::test_path_graph_no_euler_circuit PASSED [ 59%]
tests/test_graph_utils.py::TestHasEulerCircuit::test_square_has_euler_circuit PASSED [ 62%]
tests/test_graph_utils.py::TestGetEulerStartVertex::test_start_vertex_from_odd_degree PASSED [ 66%]
tests/test_graph_utils.py::TestGetEulerStartVertex::test_start_vertex_circuit PASSED [ 70%]
tests/test_graph_utils.py::TestGetEulerStartVertex::test_raises_on_no_euler_path PASSED [ 74%]
tests/test_hierholzer.py::TestHierholzer::test_triangle_circuit PASSED   [ 77%]
tests/test_hierholzer.py::TestHierholzer::test_linear_path PASSED        [ 81%]
tests/test_hierholzer.py::TestHierholzer::test_complex_graph_with_euler_path PASSED [ 85%]
tests/test_hierholzer.py::TestHierholzer::test_square_circuit PASSED     [ 88%]
tests/test_hierholzer.py::TestHierholzer::test_raises_on_no_euler_path PASSED [ 92%]
tests/test_hierholzer.py::TestHierholzer::test_single_edge PASSED        [ 96%]
tests/test_hierholzer.py::TestHierholzer::test_does_not_mutate_input_graph PASSED [100%]

============================= 27 passed in 0.67s ==============================
